[9] Log opened at 2021-09-10 11:01:15
[9] I: Checking remote connect back address.
[9] I: Checking header 'HTTP_X_FORWARDED_FOR'.
[9] I: Checking header 'REMOTE_ADDR'.
[9] I: Remote address found, connecting to 172.23.0.1:9999.
[9] I: Connected to client. :-)
[9] -> <init xmlns="urn:debugger_protocol_v1" xmlns:xdebug="https://xdebug.org/dbgp/xdebug" fileuri="file:///var/www/html/public/test.php" language="PHP" xdebug:language_version="7.4.23" protocol_version="1.0" appid="9" idekey="XDEBUG_ECLIPSE"><engine version="2.9.2"><![CDATA[Xdebug]]></engine><author><![CDATA[Derick Rethans]]></author><url><![CDATA[https://xdebug.org]]></url><copyright><![CDATA[Copyright (c) 2002-2020 by Derick Rethans]]></copyright></init>

[9] -> <response xmlns="urn:debugger_protocol_v1" xmlns:xdebug="https://xdebug.org/dbgp/xdebug" status="stopping" reason="ok"></response>

[9] Log closed at 2021-09-10 11:01:15

[8] Log opened at 2021-09-10 11:03:29
[8] I: Checking remote connect back address.
[8] I: Checking header 'HTTP_X_FORWARDED_FOR'.
[8] I: Checking header 'REMOTE_ADDR'.
[8] I: Remote address found, connecting to 172.23.0.1:9999.
[8] I: Connected to client. :-)
[8] -> <init xmlns="urn:debugger_protocol_v1" xmlns:xdebug="https://xdebug.org/dbgp/xdebug" fileuri="file:///var/www/html/public/test.php" language="PHP" xdebug:language_version="7.4.23" protocol_version="1.0" appid="8" idekey="XDEBUG_ECLIPSE"><engine version="2.9.2"><![CDATA[Xdebug]]></engine><author><![CDATA[Derick Rethans]]></author><url><![CDATA[https://xdebug.org]]></url><copyright><![CDATA[Copyright (c) 2002-2020 by Derick Rethans]]></copyright></init>

[8] -> <response xmlns="urn:debugger_protocol_v1" xmlns:xdebug="https://xdebug.org/dbgp/xdebug" status="stopping" reason="ok"></response>

[8] Log closed at 2021-09-10 11:03:29

[9] Log opened at 2021-09-10 11:03:51
[9] I: Checking remote connect back address.
[9] I: Checking header 'HTTP_X_FORWARDED_FOR'.
[9] I: Checking header 'REMOTE_ADDR'.
[9] I: Remote address found, connecting to 172.23.0.1:9999.
[9] I: Connected to client. :-)
[9] -> <init xmlns="urn:debugger_protocol_v1" xmlns:xdebug="https://xdebug.org/dbgp/xdebug" fileuri="file:///var/www/html/public/test.php" language="PHP" xdebug:language_version="7.4.23" protocol_version="1.0" appid="9" idekey="XDEBUG_ECLIPSE"><engine version="2.9.2"><![CDATA[Xdebug]]></engine><author><![CDATA[Derick Rethans]]></author><url><![CDATA[https://xdebug.org]]></url><copyright><![CDATA[Copyright (c) 2002-2020 by Derick Rethans]]></copyright></init>

[9] -> <response xmlns="urn:debugger_protocol_v1" xmlns:xdebug="https://xdebug.org/dbgp/xdebug" status="stopping" reason="ok"></response>

[9] Log closed at 2021-09-10 11:03:51

[8] Log opened at 2021-09-10 11:04:02
[8] I: Checking remote connect back address.
[8] I: Checking header 'HTTP_X_FORWARDED_FOR'.
[8] I: Checking header 'REMOTE_ADDR'.
[8] I: Remote address found, connecting to 172.23.0.1:9999.
[8] I: Connected to client. :-)
[8] -> <init xmlns="urn:debugger_protocol_v1" xmlns:xdebug="https://xdebug.org/dbgp/xdebug" fileuri="file:///var/www/html/public/test.php" language="PHP" xdebug:language_version="7.4.23" protocol_version="1.0" appid="8" idekey="XDEBUG_ECLIPSE"><engine version="2.9.2"><![CDATA[Xdebug]]></engine><author><![CDATA[Derick Rethans]]></author><url><![CDATA[https://xdebug.org]]></url><copyright><![CDATA[Copyright (c) 2002-2020 by Derick Rethans]]></copyright></init>

[8] -> <response xmlns="urn:debugger_protocol_v1" xmlns:xdebug="https://xdebug.org/dbgp/xdebug" status="stopping" reason="ok"></response>

[8] Log closed at 2021-09-10 11:04:02

[9] Log opened at 2021-09-10 11:04:09
[9] I: Checking remote connect back address.
[9] I: Checking header 'HTTP_X_FORWARDED_FOR'.
[9] I: Checking header 'REMOTE_ADDR'.
[9] I: Remote address found, connecting to 172.23.0.1:9999.
[9] I: Connected to client. :-)
[9] -> <init xmlns="urn:debugger_protocol_v1" xmlns:xdebug="https://xdebug.org/dbgp/xdebug" fileuri="file:///var/www/html/public/test.php" language="PHP" xdebug:language_version="7.4.23" protocol_version="1.0" appid="9" idekey="XDEBUG_ECLIPSE"><engine version="2.9.2"><![CDATA[Xdebug]]></engine><author><![CDATA[Derick Rethans]]></author><url><![CDATA[https://xdebug.org]]></url><copyright><![CDATA[Copyright (c) 2002-2020 by Derick Rethans]]></copyright></init>

[9] -> <response xmlns="urn:debugger_protocol_v1" xmlns:xdebug="https://xdebug.org/dbgp/xdebug" status="stopping" reason="ok"></response>

[9] Log closed at 2021-09-10 11:04:09

[8] Log opened at 2021-09-10 11:04:14
[8] I: Checking remote connect back address.
[8] I: Checking header 'HTTP_X_FORWARDED_FOR'.
[8] I: Checking header 'REMOTE_ADDR'.
[8] I: Remote address found, connecting to 172.23.0.1:9999.
[8] I: Connected to client. :-)
[8] -> <init xmlns="urn:debugger_protocol_v1" xmlns:xdebug="https://xdebug.org/dbgp/xdebug" fileuri="file:///var/www/html/public/test.php" language="PHP" xdebug:language_version="7.4.23" protocol_version="1.0" appid="8" idekey="XDEBUG_ECLIPSE"><engine version="2.9.2"><![CDATA[Xdebug]]></engine><author><![CDATA[Derick Rethans]]></author><url><![CDATA[https://xdebug.org]]></url><copyright><![CDATA[Copyright (c) 2002-2020 by Derick Rethans]]></copyright></init>

[8] -> <response xmlns="urn:debugger_protocol_v1" xmlns:xdebug="https://xdebug.org/dbgp/xdebug" status="stopping" reason="ok"></response>

[8] Log closed at 2021-09-10 11:04:14

[9] Log opened at 2021-09-10 11:04:14
[9] I: Checking remote connect back address.
[9] I: Checking header 'HTTP_X_FORWARDED_FOR'.
[9] I: Checking header 'REMOTE_ADDR'.
[9] I: Remote address found, connecting to 172.23.0.1:9999.
[9] I: Connected to client. :-)
[9] -> <init xmlns="urn:debugger_protocol_v1" xmlns:xdebug="https://xdebug.org/dbgp/xdebug" fileuri="file:///var/www/html/public/test.php" language="PHP" xdebug:language_version="7.4.23" protocol_version="1.0" appid="9" idekey="XDEBUG_ECLIPSE"><engine version="2.9.2"><![CDATA[Xdebug]]></engine><author><![CDATA[Derick Rethans]]></author><url><![CDATA[https://xdebug.org]]></url><copyright><![CDATA[Copyright (c) 2002-2020 by Derick Rethans]]></copyright></init>

[9] -> <response xmlns="urn:debugger_protocol_v1" xmlns:xdebug="https://xdebug.org/dbgp/xdebug" status="stopping" reason="ok"></response>

[9] Log closed at 2021-09-10 11:04:14

[8] Log opened at 2021-09-10 11:10:34
[8] I: Checking remote connect back address.
[8] I: Checking header 'HTTP_X_FORWARDED_FOR'.
[8] I: Checking header 'REMOTE_ADDR'.
[8] I: Remote address found, connecting to 172.23.0.1:9999.
[8] I: Connected to client. :-)
[8] -> <init xmlns="urn:debugger_protocol_v1" xmlns:xdebug="https://xdebug.org/dbgp/xdebug" fileuri="file:///var/www/html/public/test.php" language="PHP" xdebug:language_version="7.4.23" protocol_version="1.0" appid="8" idekey="XDEBUG_ECLIPSE"><engine version="2.9.2"><![CDATA[Xdebug]]></engine><author><![CDATA[Derick Rethans]]></author><url><![CDATA[https://xdebug.org]]></url><copyright><![CDATA[Copyright (c) 2002-2020 by Derick Rethans]]></copyright></init>

[8] -> <response xmlns="urn:debugger_protocol_v1" xmlns:xdebug="https://xdebug.org/dbgp/xdebug" status="stopping" reason="ok"></response>

[8] Log closed at 2021-09-10 11:10:34

